<?xml version="1.0" encoding="UTF-8"?>
<!-- Generated by org.testng.reporters.JUnitReportReporter -->
<testsuite hostname="mdoshi" name="test.EToETranscationFlow" tests="2" failures="0" timestamp="3 Dec 2015 22:12:56 GMT" time="41.141" errors="0">
  <testcase name="setupAndLoginTest" time="16.249" classname="test.EToETranscationFlow"/>
  <testcase name="transactionFlowTest" time="24.892" classname="test.EToETranscationFlow"/>
</testsuite> <!-- test.EToETranscationFlow -->
